image_segmentation/app/build/intermediates/manifest_merge_blame_file/debug/manifest-merger-blame-debug-report.txt
1<?xml version="1.0" encoding="utf-8"?>
2<!--
3    ~ Copyright 2022 The TensorFlow Authors. All Rights Reserved.
4    ~
5    ~ Licensed under the Apache License, Version 2.0 (the "License");
6    ~ you may not use this file except in compliance with the License.
7    ~ You may obtain a copy of the License at
8    ~
9    ~       http://www.apache.org/licenses/LICENSE-2.0
10    ~
11    ~ Unless required by applicable law or agreed to in writing, software
12    ~ distributed under the License is distributed on an "AS IS" BASIS,
13    ~ WITHOUT WARRANTIES OR CONDITIONS OF ANY KIND, either express or implied.
14    ~ See the License for the specific language governing permissions and
15    ~ limitations under the License.
16-->
17<manifest xmlns:android="http://schemas.android.com/apk/res/android"
18    xmlns:dist="http://schemas.android.com/apk/distribution"
19    package="org.tensorflow.lite.examples.imagesegmentation"
20    android:versionCode="1"
21    android:versionName="1.0" >
22
23    <uses-sdk
24        android:minSdkVersion="23"
24-->src\main\AndroidManifest.xml
25        android:targetSdkVersion="32" />
25-->src\main\AndroidManifest.xml
26    <!-- Enable instant app support -->
27    <dist:module dist:instant="true" />
27-->src\main\AndroidManifest.xml:22:5-40
27-->src\main\AndroidManifest.xml:22:18-37
28
29    <!-- Declare features -->
30    <uses-feature android:name="android.hardware.camera" />
30-->src\main\AndroidManifest.xml:25:5-60
30-->src\main\AndroidManifest.xml:25:19-57
31
32    <!-- Declare permissions -->
33    <uses-permission android:name="android.permission.CAMERA" />
33-->src\main\AndroidManifest.xml:28:5-65
33-->src\main\AndroidManifest.xml:28:22-62
34    <uses-permission android:name="android.permission.WRITE_EXTERNAL_STORAGE" />
35    <uses-permission android:name="android.permission.READ_PHONE_STATE" />
36    <uses-permission android:name="android.permission.READ_EXTERNAL_STORAGE" />
37
38    <application
38-->src\main\AndroidManifest.xml:29:5-58:19
39        android:allowBackup="true"
39-->src\main\AndroidManifest.xml:30:9-35
40        android:appComponentFactory="androidx.core.app.CoreComponentFactory"
40-->[androidx.core:core:1.8.0] AndroidManifest.xml:24:18-86
41        android:debuggable="true"
42        android:extractNativeLibs="false"
43        android:icon="@mipmap/ic_launcher"
43-->src\main\AndroidManifest.xml:31:9-43
44        android:label="@string/app_name"
44-->src\main\AndroidManifest.xml:32:9-41
45        android:roundIcon="@mipmap/ic_launcher_round"
45-->src\main\AndroidManifest.xml:33:9-54
46        android:supportsRtl="true"
46-->src\main\AndroidManifest.xml:34:9-35
47        android:taskAffinity=""
47-->src\main\AndroidManifest.xml:35:9-32
48        android:testOnly="true" >
49        <activity
49-->src\main\AndroidManifest.xml:36:9-57:20
50            android:name="org.tensorflow.lite.examples.imagesegmentation.MainActivity"
50-->src\main\AndroidManifest.xml:37:13-41
51            android:clearTaskOnLaunch="true"
51-->src\main\AndroidManifest.xml:38:13-45
52            android:configChanges="orientation|screenLayout|screenSize|smallestScreenSize"
52-->src\main\AndroidManifest.xml:39:13-91
53            android:exported="true"
53-->src\main\AndroidManifest.xml:40:13-36
54            android:resizeableActivity="true"
54-->src\main\AndroidManifest.xml:41:13-46
55            android:rotationAnimation="seamless"
55-->src\main\AndroidManifest.xml:42:13-49
56            android:theme="@style/AppTheme" >
56-->src\main\AndroidManifest.xml:43:13-44
57
58            <!-- Main app intent filter -->
59            <intent-filter>
59-->src\main\AndroidManifest.xml:47:13-51:29
60                <action android:name="android.intent.action.MAIN" />
60-->src\main\AndroidManifest.xml:48:17-69
60-->src\main\AndroidManifest.xml:48:25-66
61
62                <category android:name="android.intent.category.LAUNCHER" />
62-->src\main\AndroidManifest.xml:50:17-77
62-->src\main\AndroidManifest.xml:50:27-74
63            </intent-filter>
64
65            <!-- Declare notch support -->
66            <meta-data
66-->src\main\AndroidManifest.xml:54:13-56:40
67                android:name="android.notch_support"
67-->src\main\AndroidManifest.xml:55:17-53
68                android:value="true" />
68-->src\main\AndroidManifest.xml:56:17-37
69        </activity>
70
71        <uses-library
71-->[androidx.window:window:1.1.0-alpha02] AndroidManifest.xml:25:9-27:40
72            android:name="androidx.window.extensions"
72-->[androidx.window:window:1.1.0-alpha02] AndroidManifest.xml:26:13-54
73            android:required="false" />
73-->[androidx.window:window:1.1.0-alpha02] AndroidManifest.xml:27:13-37
74        <uses-library
74-->[androidx.window:window:1.1.0-alpha02] AndroidManifest.xml:28:9-30:40
75            android:name="androidx.window.sidecar"
75-->[androidx.window:window:1.1.0-alpha02] AndroidManifest.xml:29:13-51
76            android:required="false" />
76-->[androidx.window:window:1.1.0-alpha02] AndroidManifest.xml:30:13-37
77
78        <service
78-->[androidx.camera:camera-camera2:1.2.0-alpha02] AndroidManifest.xml:25:9-34:19
79            android:name="androidx.camera.core.impl.MetadataHolderService"
79-->[androidx.camera:camera-camera2:1.2.0-alpha02] AndroidManifest.xml:26:13-75
80            android:enabled="false"
80-->[androidx.camera:camera-camera2:1.2.0-alpha02] AndroidManifest.xml:27:13-36
81            android:exported="false" >
81-->[androidx.camera:camera-camera2:1.2.0-alpha02] AndroidManifest.xml:28:13-37
82            <meta-data
82-->[androidx.camera:camera-camera2:1.2.0-alpha02] AndroidManifest.xml:31:13-33:89
83                android:name="androidx.camera.core.impl.MetadataHolderService.DEFAULT_CONFIG_PROVIDER"
83-->[androidx.camera:camera-camera2:1.2.0-alpha02] AndroidManifest.xml:32:17-103
84                android:value="androidx.camera.camera2.Camera2Config$DefaultProvider" />
84-->[androidx.camera:camera-camera2:1.2.0-alpha02] AndroidManifest.xml:33:17-86
85        </service>
86
87        <provider
87-->[androidx.emoji2:emoji2:1.0.0] AndroidManifest.xml:26:9-34:20
88            android:name="androidx.startup.InitializationProvider"
88-->[androidx.emoji2:emoji2:1.0.0] AndroidManifest.xml:27:13-67
89            android:authorities="org.tensorflow.lite.examples.imagesegmentation.androidx-startup"
89-->[androidx.emoji2:emoji2:1.0.0] AndroidManifest.xml:28:13-68
90            android:exported="false" >
90-->[androidx.emoji2:emoji2:1.0.0] AndroidManifest.xml:29:13-37
91            <meta-data
91-->[androidx.emoji2:emoji2:1.0.0] AndroidManifest.xml:31:13-33:52
92                android:name="androidx.emoji2.text.EmojiCompatInitializer"
92-->[androidx.emoji2:emoji2:1.0.0] AndroidManifest.xml:32:17-75
93                android:value="androidx.startup" />
93-->[androidx.emoji2:emoji2:1.0.0] AndroidManifest.xml:33:17-49
94            <meta-data
94-->[androidx.lifecycle:lifecycle-process:2.4.0] AndroidManifest.xml:31:13-33:52
95                android:name="androidx.lifecycle.ProcessLifecycleInitializer"
95-->[androidx.lifecycle:lifecycle-process:2.4.0] AndroidManifest.xml:32:17-78
96                android:value="androidx.startup" />
96-->[androidx.lifecycle:lifecycle-process:2.4.0] AndroidManifest.xml:33:17-49
97        </provider>
98    </application>
99
100</manifest>